<?xml version="1.0" encoding="UTF-8"?>
<!-- Generated by org.testng.reporters.JUnitReportReporter -->
<testsuite skipped="0" hostname="DESKTOP-NJU48P2" name="org.automation.twitter.testcases.TC_001_ValidateLogin" tests="2" failures="0" timestamp="25 Feb 2019 14:02:06 GMT" time="61.651" errors="0">
  <testcase name="TC_001" time="22.630" classname="org.automation.twitter.testcases.TC_001_ValidateLogin"/>
  <testcase name="TC_001" time="39.021" classname="org.automation.twitter.testcases.TC_001_ValidateLogin"/>
</testsuite> <!-- org.automation.twitter.testcases.TC_001_ValidateLogin -->
